<?xml version="1.0" encoding="UTF-8"?>
<!-- Generated by org.testng.reporters.JUnitXMLReporter -->
<testsuite ignored="0" hostname="BAN-LAP-BODA" failures="0" tests="12" name="Surefire test" time="41.38" errors="0" timestamp="2023-04-19T12:27:07 IST">
  <testcase classname="api.test.DDTests" name="testPostUser" time="6.532"/>
  <testcase classname="api.test.DDTests" name="testPostUser" time="2.074"/>
  <testcase classname="api.test.DDTests" name="testPostUser" time="2.853"/>
  <testcase classname="api.test.DDTests" name="testPostUser" time="4.944"/>
  <testcase classname="api.test.DDTests" name="testDeleteUser" time="1.951"/>
  <testcase classname="api.test.DDTests" name="testDeleteUser" time="2.13"/>
  <testcase classname="api.test.DDTests" name="testDeleteUser" time="2.354"/>
  <testcase classname="api.test.DDTests" name="testDeleteUser" time="2.647"/>
  <testcase classname="api.test.UserTests" name="testPostUser" time="2.7"/>
  <testcase classname="api.test.UserTests" name="testGetUserByName" time="2.328"/>
  <testcase classname="api.test.UserTests" name="testUpdateUserByName" time="4.732"/>
  <testcase classname="api.test.UserTests" name="testDeleteUserByName" time="1.96"/>
</testsuite> <!-- Surefire test -->
