<?xml version="1.0" encoding="UTF-8"?>
<!-- Generated by org.testng.reporters.JUnitXMLReporter -->
<testsuite ignored="0" hostname="BAN-LAP-BODA" failures="0" tests="8" name="Default test" time="14.968" errors="0" timestamp="2023-04-18T13:46:41 IST">
  <testcase classname="api.test.DDTests" name="testPostUser" time="4.011"/>
  <testcase classname="api.test.DDTests" name="testPostUser" time="1.259"/>
  <testcase classname="api.test.DDTests" name="testPostUser" time="1.222"/>
  <testcase classname="api.test.DDTests" name="testPostUser" time="1.212"/>
  <testcase classname="api.test.DDTests" name="testDeleteUser" time="1.277"/>
  <testcase classname="api.test.DDTests" name="testDeleteUser" time="1.22"/>
  <testcase classname="api.test.DDTests" name="testDeleteUser" time="1.048"/>
  <testcase classname="api.test.DDTests" name="testDeleteUser" time="1.303"/>
</testsuite> <!-- Default test -->
