<?xml version="1.0" encoding="UTF-8"?>
<testng-results ignored="0" total="8" passed="8" failed="0" skipped="0">
  <reporter-output>
  </reporter-output>
  <suite started-at="2023-04-19T12:38:19 IST" name="Pet Suite" finished-at="2023-04-19T12:38:43 IST" duration-ms="23605">
    <groups>
    </groups>
    <test started-at="2023-04-19T12:38:19 IST" name="Pet Test" finished-at="2023-04-19T12:38:43 IST" duration-ms="23605">
      <class name="api.test.DDTests">
        <test-method signature="testPostUser(java.lang.String,java.lang.String,java.lang.String,java.lang.String,java.lang.String,java.lang.String,java.lang.String)[pri:1, instance:api.test.DDTests@22ef9844]" started-at="2023-04-19T12:38:22 IST" name="testPostUser" data-provider="Data" finished-at="2023-04-19T12:38:26 IST" duration-ms="4526" status="PASS">
          <params>
            <param index="0">
              <value>
                <![CDATA[1010]]>
              </value>
            </param>
            <param index="1">
              <value>
                <![CDATA[testUser1]]>
              </value>
            </param>
            <param index="2">
              <value>
                <![CDATA[FN1]]>
              </value>
            </param>
            <param index="3">
              <value>
                <![CDATA[LN1]]>
              </value>
            </param>
            <param index="4">
              <value>
                <![CDATA[one@gmail.com]]>
              </value>
            </param>
            <param index="5">
              <value>
                <![CDATA[one]]>
              </value>
            </param>
            <param index="6">
              <value>
                <![CDATA[1234567]]>
              </value>
            </param>
          </params>
          <reporter-output>
          </reporter-output>
        </test-method> <!-- testPostUser -->
        <test-method signature="testPostUser(java.lang.String,java.lang.String,java.lang.String,java.lang.String,java.lang.String,java.lang.String,java.lang.String)[pri:1, instance:api.test.DDTests@22ef9844]" started-at="2023-04-19T12:38:26 IST" name="testPostUser" data-provider="Data" finished-at="2023-04-19T12:38:29 IST" duration-ms="2324" status="PASS">
          <params>
            <param index="0">
              <value>
                <![CDATA[1011]]>
              </value>
            </param>
            <param index="1">
              <value>
                <![CDATA[testUser2]]>
              </value>
            </param>
            <param index="2">
              <value>
                <![CDATA[FN2]]>
              </value>
            </param>
            <param index="3">
              <value>
                <![CDATA[LN2]]>
              </value>
            </param>
            <param index="4">
              <value>
                <![CDATA[two@gmail.com]]>
              </value>
            </param>
            <param index="5">
              <value>
                <![CDATA[two]]>
              </value>
            </param>
            <param index="6">
              <value>
                <![CDATA[87654321]]>
              </value>
            </param>
          </params>
          <reporter-output>
          </reporter-output>
        </test-method> <!-- testPostUser -->
        <test-method signature="testPostUser(java.lang.String,java.lang.String,java.lang.String,java.lang.String,java.lang.String,java.lang.String,java.lang.String)[pri:1, instance:api.test.DDTests@22ef9844]" started-at="2023-04-19T12:38:29 IST" name="testPostUser" data-provider="Data" finished-at="2023-04-19T12:38:31 IST" duration-ms="2659" status="PASS">
          <params>
            <param index="0">
              <value>
                <![CDATA[1012]]>
              </value>
            </param>
            <param index="1">
              <value>
                <![CDATA[testUser3]]>
              </value>
            </param>
            <param index="2">
              <value>
                <![CDATA[FN3]]>
              </value>
            </param>
            <param index="3">
              <value>
                <![CDATA[LN3]]>
              </value>
            </param>
            <param index="4">
              <value>
                <![CDATA[three@gmail.com]]>
              </value>
            </param>
            <param index="5">
              <value>
                <![CDATA[three]]>
              </value>
            </param>
            <param index="6">
              <value>
                <![CDATA[987654321]]>
              </value>
            </param>
          </params>
          <reporter-output>
          </reporter-output>
        </test-method> <!-- testPostUser -->
        <test-method signature="testPostUser(java.lang.String,java.lang.String,java.lang.String,java.lang.String,java.lang.String,java.lang.String,java.lang.String)[pri:1, instance:api.test.DDTests@22ef9844]" started-at="2023-04-19T12:38:31 IST" name="testPostUser" data-provider="Data" finished-at="2023-04-19T12:38:34 IST" duration-ms="2558" status="PASS">
          <params>
            <param index="0">
              <value>
                <![CDATA[1013]]>
              </value>
            </param>
            <param index="1">
              <value>
                <![CDATA[testUser4]]>
              </value>
            </param>
            <param index="2">
              <value>
                <![CDATA[FN4]]>
              </value>
            </param>
            <param index="3">
              <value>
                <![CDATA[LN4]]>
              </value>
            </param>
            <param index="4">
              <value>
                <![CDATA[four@gmail.com]]>
              </value>
            </param>
            <param index="5">
              <value>
                <![CDATA[four]]>
              </value>
            </param>
            <param index="6">
              <value>
                <![CDATA[1234567890]]>
              </value>
            </param>
          </params>
          <reporter-output>
          </reporter-output>
        </test-method> <!-- testPostUser -->
        <test-method signature="testDeleteUser(java.lang.String)[pri:2, instance:api.test.DDTests@22ef9844]" started-at="2023-04-19T12:38:34 IST" name="testDeleteUser" data-provider="userName" finished-at="2023-04-19T12:38:37 IST" duration-ms="2885" status="PASS">
          <params>
            <param index="0">
              <value>
                <![CDATA[testUser1]]>
              </value>
            </param>
          </params>
          <reporter-output>
          </reporter-output>
        </test-method> <!-- testDeleteUser -->
        <test-method signature="testDeleteUser(java.lang.String)[pri:2, instance:api.test.DDTests@22ef9844]" started-at="2023-04-19T12:38:37 IST" name="testDeleteUser" data-provider="userName" finished-at="2023-04-19T12:38:39 IST" duration-ms="2071" status="PASS">
          <params>
            <param index="0">
              <value>
                <![CDATA[testUser2]]>
              </value>
            </param>
          </params>
          <reporter-output>
          </reporter-output>
        </test-method> <!-- testDeleteUser -->
        <test-method signature="testDeleteUser(java.lang.String)[pri:2, instance:api.test.DDTests@22ef9844]" started-at="2023-04-19T12:38:39 IST" name="testDeleteUser" data-provider="userName" finished-at="2023-04-19T12:38:41 IST" duration-ms="1760" status="PASS">
          <params>
            <param index="0">
              <value>
                <![CDATA[testUser3]]>
              </value>
            </param>
          </params>
          <reporter-output>
          </reporter-output>
        </test-method> <!-- testDeleteUser -->
        <test-method signature="testDeleteUser(java.lang.String)[pri:2, instance:api.test.DDTests@22ef9844]" started-at="2023-04-19T12:38:41 IST" name="testDeleteUser" data-provider="userName" finished-at="2023-04-19T12:38:43 IST" duration-ms="1949" status="PASS">
          <params>
            <param index="0">
              <value>
                <![CDATA[testUser4]]>
              </value>
            </param>
          </params>
          <reporter-output>
          </reporter-output>
        </test-method> <!-- testDeleteUser -->
      </class> <!-- api.test.DDTests -->
    </test> <!-- Pet Test -->
  </suite> <!-- Pet Suite -->
</testng-results>
