<?xml version="1.0" encoding="UTF-8"?>
<testng-results ignored="0" total="4" passed="4" failed="0" skipped="0">
  <reporter-output>
  </reporter-output>
  <suite started-at="2023-04-19T12:11:27 IST" name="Pet Suite" finished-at="2023-04-19T12:11:43 IST" duration-ms="16468">
    <groups>
    </groups>
    <test started-at="2023-04-19T12:11:27 IST" name="Pet Test" finished-at="2023-04-19T12:11:43 IST" duration-ms="16468">
      <class name="api.test.UserTests2">
        <test-method is-config="true" signature="setupData()[pri:0, instance:api.test.UserTests2@4c1909a3]" started-at="2023-04-19T12:11:28 IST" name="setupData" finished-at="2023-04-19T12:11:28 IST" duration-ms="412" status="PASS">
          <reporter-output>
          </reporter-output>
        </test-method> <!-- setupData -->
        <test-method signature="testPostUser()[pri:1, instance:api.test.UserTests2@4c1909a3]" started-at="2023-04-19T12:11:28 IST" name="testPostUser" finished-at="2023-04-19T12:11:34 IST" duration-ms="5644" status="PASS">
          <reporter-output>
          </reporter-output>
        </test-method> <!-- testPostUser -->
        <test-method signature="testGetUserByName()[pri:2, instance:api.test.UserTests2@4c1909a3]" started-at="2023-04-19T12:11:34 IST" name="testGetUserByName" finished-at="2023-04-19T12:11:36 IST" duration-ms="2693" status="PASS">
          <reporter-output>
          </reporter-output>
        </test-method> <!-- testGetUserByName -->
        <test-method signature="testUpdateUserByName()[pri:3, instance:api.test.UserTests2@4c1909a3]" started-at="2023-04-19T12:11:36 IST" name="testUpdateUserByName" finished-at="2023-04-19T12:11:41 IST" duration-ms="5103" status="PASS">
          <reporter-output>
          </reporter-output>
        </test-method> <!-- testUpdateUserByName -->
        <test-method signature="testDeleteUserByName()[pri:4, instance:api.test.UserTests2@4c1909a3]" started-at="2023-04-19T12:11:41 IST" name="testDeleteUserByName" finished-at="2023-04-19T12:11:43 IST" duration-ms="1899" status="PASS">
          <reporter-output>
          </reporter-output>
        </test-method> <!-- testDeleteUserByName -->
      </class> <!-- api.test.UserTests2 -->
    </test> <!-- Pet Test -->
  </suite> <!-- Pet Suite -->
</testng-results>
