<?xml version="1.0" encoding="UTF-8"?>
<!-- Generated by org.testng.reporters.JUnitXMLReporter -->
<testsuite ignored="0" hostname="BAN-LAP-BODA" failures="0" tests="8" name="Pet Test" time="23.605" errors="0" timestamp="2023-04-19T12:38:43 IST">
  <testcase classname="api.test.DDTests" name="testPostUser" time="4.526"/>
  <testcase classname="api.test.DDTests" name="testPostUser" time="2.324"/>
  <testcase classname="api.test.DDTests" name="testPostUser" time="2.659"/>
  <testcase classname="api.test.DDTests" name="testPostUser" time="2.558"/>
  <testcase classname="api.test.DDTests" name="testDeleteUser" time="2.885"/>
  <testcase classname="api.test.DDTests" name="testDeleteUser" time="2.071"/>
  <testcase classname="api.test.DDTests" name="testDeleteUser" time="1.76"/>
  <testcase classname="api.test.DDTests" name="testDeleteUser" time="1.949"/>
</testsuite> <!-- Pet Test -->
