<?xml version="1.0" encoding="UTF-8"?>
<!-- Generated by org.testng.reporters.JUnitXMLReporter -->
<testsuite ignored="0" hostname="BAN-LAP-BODA" failures="0" tests="4" name="Pet Test" time="16.468" errors="0" timestamp="2023-04-19T12:11:44 IST">
  <testcase classname="api.test.UserTests2" name="testPostUser" time="5.644"/>
  <testcase classname="api.test.UserTests2" name="testGetUserByName" time="2.693"/>
  <testcase classname="api.test.UserTests2" name="testUpdateUserByName" time="5.103"/>
  <testcase classname="api.test.UserTests2" name="testDeleteUserByName" time="1.899"/>
</testsuite> <!-- Pet Test -->
